==53154== Helgrind, a thread error detector
==53154== Copyright (C) 2007-2017, and GNU GPL'd, by OpenWorks LLP et al.
==53154== Using Valgrind-3.22.0 and LibVEX; rerun with -h for copyright info
==53154== Command: ./philo 5 800 200 200 2
==53154== 
16 1 has taken a fork
20 1 has taken a fork
20 1 is eating
23 3 has taken a fork
24 3 has taken a fork
24 3 is eating
220 1 is sleeping
221 5 has taken a fork
221 5 has taken a fork
222 5 is eating
222 2 has taken a fork
224 3 is sleeping
224 4 has taken a fork
224 2 has taken a fork
225 2 is eating
421 1 is thinking
422 5 is sleeping
422 4 has taken a fork
422 4 is eating
424 3 is thinking
425 2 is sleeping
426 1 has taken a fork
426 1 has taken a fork
426 1 is eating
622 4 is sleeping
622 3 has taken a fork
622 3 has taken a fork
622 3 is eating
623 5 is thinking
625 2 is thinking
626 1 is sleeping
627 2 has taken a fork
627 5 has taken a fork
627 5 has taken a fork
627 5 is eating
822 4 is thinking
823 3 is sleeping
823 4 has taken a fork
823 2 has taken a fork
824 2 is eating
826 1 is thinking
829 5 is sleeping
829 4 has taken a fork
829 4 is eating
1023 3 is thinking
1024 2 is sleeping
1030 4 is sleeping
1030 5 is thinking
1
==53154== 
==53154== Use --history-level=approx or =none to gain increased speed, at
==53154== the cost of reduced accuracy of conflicting-access information
==53154== For lists of detected and suppressed errors, rerun with: -s
==53154== ERROR SUMMARY: 0 errors from 0 contexts (suppressed: 80077 from 156)
