==53131== Memcheck, a memory error detector
==53131== Copyright (C) 2002-2022, and GNU GPL'd, by Julian Seward et al.
==53131== Using Valgrind-3.22.0 and LibVEX; rerun with -h for copyright info
==53131== Command: ./philo 5 800 200 200 2
==53131== 
106 3 has taken a fork
116 3 has taken a fork
118 3 is eating
121 1 has taken a fork
121 1 has taken a fork
121 1 is eating
319 3 is sleeping
320 4 has taken a fork
320 4 has taken a fork
320 4 is eating
321 1 is sleeping
321 5 has taken a fork
321 2 has taken a fork
321 2 has taken a fork
321 2 is eating
519 3 is thinking
520 5 has taken a fork
520 5 is eating
520 3 has taken a fork
520 4 is sleeping
521 2 is sleeping
521 3 has taken a fork
521 3 is eating
521 1 is thinking
521 1 has taken a fork
720 4 is thinking
720 5 is sleeping
720 1 has taken a fork
720 1 is eating
721 2 is thinking
721 3 is sleeping
721 4 has taken a fork
721 4 has taken a fork
721 4 is eating
920 5 is thinking
920 5 has taken a fork
920 1 is sleeping
920 2 has taken a fork
920 2 has taken a fork
920 2 is eating
921 3 is thinking
924 4 is sleeping
925 5 has taken a fork
925 5 is eating
1120 2 is sleeping
1120 1 is thinking
1124 4 is thinking
1125 5 is sleeping
1
==53131== 
==53131== HEAP SUMMARY:
==53131==     in use at exit: 0 bytes in 0 blocks
==53131==   total heap usage: 7 allocs, 7 frees, 5,728 bytes allocated
==53131== 
==53131== All heap blocks were freed -- no leaks are possible
==53131== 
==53131== For lists of detected and suppressed errors, rerun with: -s
==53131== ERROR SUMMARY: 0 errors from 0 contexts (suppressed: 0 from 0)
